#
# There is insufficient memory for the Java Runtime Environment to continue.
# Native memory allocation (malloc) failed to allocate 2494096 bytes for Chunk::new
# Possible reasons:
#   The system is out of physical RAM or swap space
#   The process is running with CompressedOops enabled, and the Java Heap may be blocking the growth of the native heap
# Possible solutions:
#   Reduce memory load on the system
#   Increase physical memory or swap space
#   Check if swap backing store is full
#   Decrease Java heap size (-Xmx/-Xms)
#   Decrease number of Java threads
#   Decrease Java thread stack sizes (-Xss)
#   Set larger code cache with -XX:ReservedCodeCacheSize=
#   JVM is running with Zero Based Compressed Oops mode in which the Java heap is
#     placed in the first 32GB address space. The Java Heap base address is the
#     maximum limit for the native heap growth. Please use -XX:HeapBaseMinAddress
#     to set the Java Heap base and to place the Java Heap above 32GB virtual address.
# This output file may be truncated or incomplete.
#
#  Out of Memory Error (c:/ws/workspace/jdk-13.0.1/label/windows-x86_64/type/b11/src/hotspot/share/memory/arena.cpp:196), pid=17768, tid=24144
#
# JRE version: OpenJDK Runtime Environment (13.0.1+9) (build 13.0.1-BellSoft+9)
# Java VM: OpenJDK 64-Bit Server VM (13.0.1-BellSoft+9, mixed mode, sharing, tiered, compressed oops, g1 gc, windows-amd64)
# No core dump will be written. Minidumps are not enabled by default on client versions of Windows
#

---------------  S U M M A R Y ------------

Command Line: -javaagent:C:\Program Files\JetBrains\IntelliJ IDEA 2019.3.2\lib\idea_rt.jar=57364:C:\Program Files\JetBrains\IntelliJ IDEA 2019.3.2\bin -Dfile.encoding=UTF-8 Main

Host: Intel(R) Core(TM) i7-8550U CPU @ 1.80GHz, 8 cores, 15G,  Windows 10 , 64 bit Build 19041 (10.0.19041.292)
Time: Thu Sep 10 13:36:47 2020 Eastern Daylight Time elapsed time: 1 seconds (0d 0h 0m 1s)

---------------  T H R E A D  ---------------

Current thread (0x000002601becd800):  JavaThread "C2 CompilerThread1" daemon [_thread_in_native, id=24144, stack(0x000000a1b7000000,0x000000a1b7100000)]


Current CompileTask:
C2:   1069  794   !   4       com.sun.javafx.css.ParsedValueImpl::readBinary (688 bytes)

Stack: [0x000000a1b7000000,0x000000a1b7100000]
Native frames: (J=compiled Java code, j=interpreted, Vv=VM code, C=native code)
V  [jvm.dll+0x62d3aa]
V  [jvm.dll+0x7d636a]
V  [jvm.dll+0x7d7b1f]
V  [jvm.dll+0x7d8123]
V  [jvm.dll+0x24f3a8]
V  [jvm.dll+0xc4bb7]
V  [jvm.dll+0xc513c]
V  [jvm.dll+0x360388]
V  [jvm.dll+0x32b9c3]
V  [jvm.dll+0x32ad9a]
V  [jvm.dll+0x2091e7]
V  [jvm.dll+0x2083ff]
V  [jvm.dll+0x18cdcc]
V  [jvm.dll+0x2172dd]
V  [jvm.dll+0x21578b]
V  [jvm.dll+0x79bdd6]
V  [jvm.dll+0x794eca]
V  [jvm.dll+0x62c5a6]
C  [ucrtbase.dll+0x21542]
C  [KERNEL32.DLL+0x16fd4]
C  [ntdll.dll+0x4cec1]


---------------  P R O C E S S  ---------------

Threads class SMR info:
_java_thread_list=0x000002601bd01850, length=17, elements={
0x00000260739ec000, 0x000002601ac67800, 0x000002601ac6a800, 0x000002601ac85800,
0x000002601ac86800, 0x000002601ac8a000, 0x000002601ac8d800, 0x000002601ac8b800,
0x000002601b5ec000, 0x000002601ba60000, 0x000002601ba62000, 0x000002601bac9000,
0x00000260738d1000, 0x000002601badb000, 0x000002601bb71000, 0x000002601bd8b000,
0x000002601becd800
}

Java Threads: ( => current thread )
  0x00000260739ec000 JavaThread "main" [_thread_blocked, id=3020, stack(0x000000a1b5700000,0x000000a1b5800000)]
  0x000002601ac67800 JavaThread "Reference Handler" daemon [_thread_blocked, id=7432, stack(0x000000a1b5e00000,0x000000a1b5f00000)]
  0x000002601ac6a800 JavaThread "Finalizer" daemon [_thread_blocked, id=23844, stack(0x000000a1b5f00000,0x000000a1b6000000)]
  0x000002601ac85800 JavaThread "Signal Dispatcher" daemon [_thread_blocked, id=764, stack(0x000000a1b6000000,0x000000a1b6100000)]
  0x000002601ac86800 JavaThread "Attach Listener" daemon [_thread_blocked, id=24188, stack(0x000000a1b6100000,0x000000a1b6200000)]
  0x000002601ac8a000 JavaThread "C2 CompilerThread0" daemon [_thread_blocked, id=18840, stack(0x000000a1b6200000,0x000000a1b6300000)]
  0x000002601ac8d800 JavaThread "C1 CompilerThread0" daemon [_thread_blocked, id=22336, stack(0x000000a1b6300000,0x000000a1b6400000)]
  0x000002601ac8b800 JavaThread "Sweeper thread" daemon [_thread_blocked, id=13168, stack(0x000000a1b6400000,0x000000a1b6500000)]
  0x000002601b5ec000 JavaThread "Common-Cleaner" daemon [_thread_blocked, id=16732, stack(0x000000a1b6500000,0x000000a1b6600000)]
  0x000002601ba60000 JavaThread "Monitor Ctrl-Break" daemon [_thread_in_native, id=4768, stack(0x000000a1b6700000,0x000000a1b6800000)]
  0x000002601ba62000 JavaThread "Service Thread" daemon [_thread_blocked, id=23108, stack(0x000000a1b6800000,0x000000a1b6900000)]
  0x000002601bac9000 JavaThread "QuantumRenderer-0" daemon [_thread_blocked, id=18568, stack(0x000000a1b6a00000,0x000000a1b6b00000)]
  0x00000260738d1000 JavaThread "InvokeLaterDispatcher" daemon [_thread_blocked, id=1064, stack(0x000000a1b6c00000,0x000000a1b6d00000)]
  0x000002601badb000 JavaThread "JavaFX Application Thread" [_thread_in_native, id=4016, stack(0x000000a1b6d00000,0x000000a1b6e00000)]
  0x000002601bb71000 JavaThread "JavaFX-Launcher" [_thread_blocked, id=7080, stack(0x000000a1b6f00000,0x000000a1b7000000)]
  0x000002601bd8b000 JavaThread "Thread-2" daemon [_thread_in_native, id=20388, stack(0x000000a1b6e00000,0x000000a1b6f00000)]
=>0x000002601becd800 JavaThread "C2 CompilerThread1" daemon [_thread_in_native, id=24144, stack(0x000000a1b7000000,0x000000a1b7100000)]

Other Threads:
  0x000002601ac64000 VMThread "VM Thread" [stack: 0x000000a1b5d00000,0x000000a1b5e00000] [id=3780]
  0x000002601b741000 WatcherThread [stack: 0x000000a1b6900000,0x000000a1b6a00000] [id=6248]
  0x0000026073a55000 GCTaskThread "GC Thread#0" [stack: 0x000000a1b5800000,0x000000a1b5900000] [id=11828]
  0x0000026073a77800 ConcurrentGCThread "G1 Main Marker" [stack: 0x000000a1b5900000,0x000000a1b5a00000] [id=17856]
  0x0000026073a79800 ConcurrentGCThread "G1 Conc#0" [stack: 0x000000a1b5a00000,0x000000a1b5b00000] [id=16580]
  0x000002601ab5d800 ConcurrentGCThread "G1 Refine#0" [stack: 0x000000a1b5b00000,0x000000a1b5c00000] [id=9016]
  0x000002601ab5f000 ConcurrentGCThread "G1 Young RemSet Sampling" [stack: 0x000000a1b5c00000,0x000000a1b5d00000] [id=12320]

Threads with active compile tasks:
C2 CompilerThread1     1098  794   !   4       com.sun.javafx.css.ParsedValueImpl::readBinary (688 bytes)

VM state:not at safepoint (normal execution)

VM Mutex/Monitor currently owned by a thread: None

Heap address: 0x0000000701600000, size: 4074 MB, Compressed Oops mode: Zero based, Oop shift amount: 3
Narrow klass base: 0x0000000800000000, Narrow klass shift: 3
Compressed class space size: 1073741824 Address: 0x0000000800b60000

Heap:
 garbage-first heap   total 262144K, used 11264K [0x0000000701600000, 0x0000000800000000)
  region size 1024K, 12 young (12288K), 0 survivors (0K)
 Metaspace       used 8080K, capacity 10483K, committed 10624K, reserved 1058816K
  class space    used 1014K, capacity 1292K, committed 1408K, reserved 1048576K
Heap Regions: E=young(eden), S=young(survivor), O=old, HS=humongous(starts), HC=humongous(continues), CS=collection set, F=free, A=archive, TAMS=top-at-mark-start (previous, next)
|   0|0x0000000701600000, 0x0000000701600000, 0x0000000701700000|  0%| F|  |TAMS 0x0000000701600000, 0x0000000701600000| Untracked 
|   1|0x0000000701700000, 0x0000000701700000, 0x0000000701800000|  0%| F|  |TAMS 0x0000000701700000, 0x0000000701700000| Untracked 
|   2|0x0000000701800000, 0x0000000701800000, 0x0000000701900000|  0%| F|  |TAMS 0x0000000701800000, 0x0000000701800000| Untracked 
|   3|0x0000000701900000, 0x0000000701900000, 0x0000000701a00000|  0%| F|  |TAMS 0x0000000701900000, 0x0000000701900000| Untracked 
|   4|0x0000000701a00000, 0x0000000701a00000, 0x0000000701b00000|  0%| F|  |TAMS 0x0000000701a00000, 0x0000000701a00000| Untracked 
|   5|0x0000000701b00000, 0x0000000701b00000, 0x0000000701c00000|  0%| F|  |TAMS 0x0000000701b00000, 0x0000000701b00000| Untracked 
|   6|0x0000000701c00000, 0x0000000701c00000, 0x0000000701d00000|  0%| F|  |TAMS 0x0000000701c00000, 0x0000000701c00000| Untracked 
|   7|0x0000000701d00000, 0x0000000701d00000, 0x0000000701e00000|  0%| F|  |TAMS 0x0000000701d00000, 0x0000000701d00000| Untracked 
|   8|0x0000000701e00000, 0x0000000701e00000, 0x0000000701f00000|  0%| F|  |TAMS 0x0000000701e00000, 0x0000000701e00000| Untracked 
|   9|0x0000000701f00000, 0x0000000701f00000, 0x0000000702000000|  0%| F|  |TAMS 0x0000000701f00000, 0x0000000701f00000| Untracked 
|  10|0x0000000702000000, 0x0000000702000000, 0x0000000702100000|  0%| F|  |TAMS 0x0000000702000000, 0x0000000702000000| Untracked 
|  11|0x0000000702100000, 0x0000000702100000, 0x0000000702200000|  0%| F|  |TAMS 0x0000000702100000, 0x0000000702100000| Untracked 
|  12|0x0000000702200000, 0x0000000702200000, 0x0000000702300000|  0%| F|  |TAMS 0x0000000702200000, 0x0000000702200000| Untracked 
|  13|0x0000000702300000, 0x0000000702300000, 0x0000000702400000|  0%| F|  |TAMS 0x0000000702300000, 0x0000000702300000| Untracked 
|  14|0x0000000702400000, 0x0000000702400000, 0x0000000702500000|  0%| F|  |TAMS 0x0000000702400000, 0x0000000702400000| Untracked 
|  15|0x0000000702500000, 0x0000000702500000, 0x0000000702600000|  0%| F|  |TAMS 0x0000000702500000, 0x0000000702500000| Untracked 
|  16|0x0000000702600000, 0x0000000702600000, 0x0000000702700000|  0%| F|  |TAMS 0x0000000702600000, 0x0000000702600000| Untracked 
|  17|0x0000000702700000, 0x0000000702700000, 0x0000000702800000|  0%| F|  |TAMS 0x0000000702700000, 0x0000000702700000| Untracked 
|  18|0x0000000702800000, 0x0000000702800000, 0x0000000702900000|  0%| F|  |TAMS 0x0000000702800000, 0x0000000702800000| Untracked 
|  19|0x0000000702900000, 0x0000000702900000, 0x0000000702a00000|  0%| F|  |TAMS 0x0000000702900000, 0x0000000702900000| Untracked 
|  20|0x0000000702a00000, 0x0000000702a00000, 0x0000000702b00000|  0%| F|  |TAMS 0x0000000702a00000, 0x0000000702a00000| Untracked 
|  21|0x0000000702b00000, 0x0000000702b00000, 0x0000000702c00000|  0%| F|  |TAMS 0x0000000702b00000, 0x0000000702b00000| Untracked 
|  22|0x0000000702c00000, 0x0000000702c00000, 0x0000000702d00000|  0%| F|  |TAMS 0x0000000702c00000, 0x0000000702c00000| Untracked 
|  23|0x0000000702d00000, 0x0000000702d00000, 0x0000000702e00000|  0%| F|  |TAMS 0x0000000702d00000, 0x0000000702d00000| Untracked 
|  24|0x0000000702e00000, 0x0000000702e00000, 0x0000000702f00000|  0%| F|  |TAMS 0x0000000702e00000, 0x0000000702e00000| Untracked 
|  25|0x0000000702f00000, 0x0000000702f00000, 0x0000000703000000|  0%| F|  |TAMS 0x0000000702f00000, 0x0000000702f00000| Untracked 
|  26|0x0000000703000000, 0x0000000703000000, 0x0000000703100000|  0%| F|  |TAMS 0x0000000703000000, 0x0000000703000000| Untracked 
|  27|0x0000000703100000, 0x0000000703100000, 0x0000000703200000|  0%| F|  |TAMS 0x0000000703100000, 0x0000000703100000| Untracked 
|  28|0x0000000703200000, 0x0000000703200000, 0x0000000703300000|  0%| F|  |TAMS 0x0000000703200000, 0x0000000703200000| Untracked 
|  29|0x0000000703300000, 0x0000000703300000, 0x0000000703400000|  0%| F|  |TAMS 0x0000000703300000, 0x0000000703300000| Untracked 
|  30|0x0000000703400000, 0x0000000703400000, 0x0000000703500000|  0%| F|  |TAMS 0x0000000703400000, 0x0000000703400000| Untracked 
|  31|0x0000000703500000, 0x0000000703500000, 0x0000000703600000|  0%| F|  |TAMS 0x0000000703500000, 0x0000000703500000| Untracked 
|  32|0x0000000703600000, 0x0000000703600000, 0x0000000703700000|  0%| F|  |TAMS 0x0000000703600000, 0x0000000703600000| Untracked 
|  33|0x0000000703700000, 0x0000000703700000, 0x0000000703800000|  0%| F|  |TAMS 0x0000000703700000, 0x0000000703700000| Untracked 
|  34|0x0000000703800000, 0x0000000703800000, 0x0000000703900000|  0%| F|  |TAMS 0x0000000703800000, 0x0000000703800000| Untracked 
|  35|0x0000000703900000, 0x0000000703900000, 0x0000000703a00000|  0%| F|  |TAMS 0x0000000703900000, 0x0000000703900000| Untracked 
|  36|0x0000000703a00000, 0x0000000703a00000, 0x0000000703b00000|  0%| F|  |TAMS 0x0000000703a00000, 0x0000000703a00000| Untracked 
|  37|0x0000000703b00000, 0x0000000703b00000, 0x0000000703c00000|  0%| F|  |TAMS 0x0000000703b00000, 0x0000000703b00000| Untracked 
|  38|0x0000000703c00000, 0x0000000703c00000, 0x0000000703d00000|  0%| F|  |TAMS 0x0000000703c00000, 0x0000000703c00000| Untracked 
|  39|0x0000000703d00000, 0x0000000703d00000, 0x0000000703e00000|  0%| F|  |TAMS 0x0000000703d00000, 0x0000000703d00000| Untracked 
|  40|0x0000000703e00000, 0x0000000703e00000, 0x0000000703f00000|  0%| F|  |TAMS 0x0000000703e00000, 0x0000000703e00000| Untracked 
|  41|0x0000000703f00000, 0x0000000703f00000, 0x0000000704000000|  0%| F|  |TAMS 0x0000000703f00000, 0x0000000703f00000| Untracked 
|  42|0x0000000704000000, 0x0000000704000000, 0x0000000704100000|  0%| F|  |TAMS 0x0000000704000000, 0x0000000704000000| Untracked 
|  43|0x0000000704100000, 0x0000000704100000, 0x0000000704200000|  0%| F|  |TAMS 0x0000000704100000, 0x0000000704100000| Untracked 
|  44|0x0000000704200000, 0x0000000704200000, 0x0000000704300000|  0%| F|  |TAMS 0x0000000704200000, 0x0000000704200000| Untracked 
|  45|0x0000000704300000, 0x0000000704300000, 0x0000000704400000|  0%| F|  |TAMS 0x0000000704300000, 0x0000000704300000| Untracked 
|  46|0x0000000704400000, 0x0000000704400000, 0x0000000704500000|  0%| F|  |TAMS 0x0000000704400000, 0x0000000704400000| Untracked 
|  47|0x0000000704500000, 0x0000000704500000, 0x0000000704600000|  0%| F|  |TAMS 0x0000000704500000, 0x0000000704500000| Untracked 
|  48|0x0000000704600000, 0x0000000704600000, 0x0000000704700000|  0%| F|  |TAMS 0x0000000704600000, 0x0000000704600000| Untracked 
|  49|0x0000000704700000, 0x0000000704700000, 0x0000000704800000|  0%| F|  |TAMS 0x0000000704700000, 0x0000000704700000| Untracked 
|  50|0x0000000704800000, 0x0000000704800000, 0x0000000704900000|  0%| F|  |TAMS 0x0000000704800000, 0x0000000704800000| Untracked 
|  51|0x0000000704900000, 0x0000000704900000, 0x0000000704a00000|  0%| F|  |TAMS 0x0000000704900000, 0x0000000704900000| Untracked 
|  52|0x0000000704a00000, 0x0000000704a00000, 0x0000000704b00000|  0%| F|  |TAMS 0x0000000704a00000, 0x0000000704a00000| Untracked 
|  53|0x0000000704b00000, 0x0000000704b00000, 0x0000000704c00000|  0%| F|  |TAMS 0x0000000704b00000, 0x0000000704b00000| Untracked 
|  54|0x0000000704c00000, 0x0000000704c00000, 0x0000000704d00000|  0%| F|  |TAMS 0x0000000704c00000, 0x0000000704c00000| Untracked 
|  55|0x0000000704d00000, 0x0000000704d00000, 0x0000000704e00000|  0%| F|  |TAMS 0x0000000704d00000, 0x0000000704d00000| Untracked 
|  56|0x0000000704e00000, 0x0000000704e00000, 0x0000000704f00000|  0%| F|  |TAMS 0x0000000704e00000, 0x0000000704e00000| Untracked 
|  57|0x0000000704f00000, 0x0000000704f00000, 0x0000000705000000|  0%| F|  |TAMS 0x0000000704f00000, 0x0000000704f00000| Untracked 
|  58|0x0000000705000000, 0x0000000705000000, 0x0000000705100000|  0%| F|  |TAMS 0x0000000705000000, 0x0000000705000000| Untracked 
|  59|0x0000000705100000, 0x0000000705100000, 0x0000000705200000|  0%| F|  |TAMS 0x0000000705100000, 0x0000000705100000| Untracked 
|  60|0x0000000705200000, 0x0000000705200000, 0x0000000705300000|  0%| F|  |TAMS 0x0000000705200000, 0x0000000705200000| Untracked 
|  61|0x0000000705300000, 0x0000000705300000, 0x0000000705400000|  0%| F|  |TAMS 0x0000000705300000, 0x0000000705300000| Untracked 
|  62|0x0000000705400000, 0x0000000705400000, 0x0000000705500000|  0%| F|  |TAMS 0x0000000705400000, 0x0000000705400000| Untracked 
|  63|0x0000000705500000, 0x0000000705500000, 0x0000000705600000|  0%| F|  |TAMS 0x0000000705500000, 0x0000000705500000| Untracked 
|  64|0x0000000705600000, 0x0000000705600000, 0x0000000705700000|  0%| F|  |TAMS 0x0000000705600000, 0x0000000705600000| Untracked 
|  65|0x0000000705700000, 0x0000000705700000, 0x0000000705800000|  0%| F|  |TAMS 0x0000000705700000, 0x0000000705700000| Untracked 
|  66|0x0000000705800000, 0x0000000705800000, 0x0000000705900000|  0%| F|  |TAMS 0x0000000705800000, 0x0000000705800000| Untracked 
|  67|0x0000000705900000, 0x0000000705900000, 0x0000000705a00000|  0%| F|  |TAMS 0x0000000705900000, 0x0000000705900000| Untracked 
|  68|0x0000000705a00000, 0x0000000705a00000, 0x0000000705b00000|  0%| F|  |TAMS 0x0000000705a00000, 0x0000000705a00000| Untracked 
|  69|0x0000000705b00000, 0x0000000705b00000, 0x0000000705c00000|  0%| F|  |TAMS 0x0000000705b00000, 0x0000000705b00000| Untracked 
|  70|0x0000000705c00000, 0x0000000705c00000, 0x0000000705d00000|  0%| F|  |TAMS 0x0000000705c00000, 0x0000000705c00000| Untracked 
|  71|0x0000000705d00000, 0x0000000705d00000, 0x0000000705e00000|  0%| F|  |TAMS 0x0000000705d00000, 0x0000000705d00000| Untracked 
|  72|0x0000000705e00000, 0x0000000705e00000, 0x0000000705f00000|  0%| F|  |TAMS 0x0000000705e00000, 0x0000000705e00000| Untracked 
|  73|0x0000000705f00000, 0x0000000705f00000, 0x0000000706000000|  0%| F|  |TAMS 0x0000000705f00000, 0x0000000705f00000| Untracked 
|  74|0x0000000706000000, 0x0000000706000000, 0x0000000706100000|  0%| F|  |TAMS 0x0000000706000000, 0x0000000706000000| Untracked 
|  75|0x0000000706100000, 0x0000000706100000, 0x0000000706200000|  0%| F|  |TAMS 0x0000000706100000, 0x0000000706100000| Untracked 
|  76|0x0000000706200000, 0x0000000706200000, 0x0000000706300000|  0%| F|  |TAMS 0x0000000706200000, 0x0000000706200000| Untracked 
|  77|0x0000000706300000, 0x0000000706300000, 0x0000000706400000|  0%| F|  |TAMS 0x0000000706300000, 0x0000000706300000| Untracked 
|  78|0x0000000706400000, 0x0000000706400000, 0x0000000706500000|  0%| F|  |TAMS 0x0000000706400000, 0x0000000706400000| Untracked 
|  79|0x0000000706500000, 0x0000000706500000, 0x0000000706600000|  0%| F|  |TAMS 0x0000000706500000, 0x0000000706500000| Untracked 
|  80|0x0000000706600000, 0x0000000706600000, 0x0000000706700000|  0%| F|  |TAMS 0x0000000706600000, 0x0000000706600000| Untracked 
|  81|0x0000000706700000, 0x0000000706700000, 0x0000000706800000|  0%| F|  |TAMS 0x0000000706700000, 0x0000000706700000| Untracked 
|  82|0x0000000706800000, 0x0000000706800000, 0x0000000706900000|  0%| F|  |TAMS 0x0000000706800000, 0x0000000706800000| Untracked 
|  83|0x0000000706900000, 0x0000000706900000, 0x0000000706a00000|  0%| F|  |TAMS 0x0000000706900000, 0x0000000706900000| Untracked 
|  84|0x0000000706a00000, 0x0000000706a00000, 0x0000000706b00000|  0%| F|  |TAMS 0x0000000706a00000, 0x0000000706a00000| Untracked 
|  85|0x0000000706b00000, 0x0000000706b00000, 0x0000000706c00000|  0%| F|  |TAMS 0x0000000706b00000, 0x0000000706b00000| Untracked 
|  86|0x0000000706c00000, 0x0000000706c00000, 0x0000000706d00000|  0%| F|  |TAMS 0x0000000706c00000, 0x0000000706c00000| Untracked 
|  87|0x0000000706d00000, 0x0000000706d00000, 0x0000000706e00000|  0%| F|  |TAMS 0x0000000706d00000, 0x0000000706d00000| Untracked 
|  88|0x0000000706e00000, 0x0000000706e00000, 0x0000000706f00000|  0%| F|  |TAMS 0x0000000706e00000, 0x0000000706e00000| Untracked 
|  89|0x0000000706f00000, 0x0000000706f00000, 0x0000000707000000|  0%| F|  |TAMS 0x0000000706f00000, 0x0000000706f00000| Untracked 
|  90|0x0000000707000000, 0x0000000707000000, 0x0000000707100000|  0%| F|  |TAMS 0x0000000707000000, 0x0000000707000000| Untracked 
|  91|0x0000000707100000, 0x0000000707100000, 0x0000000707200000|  0%| F|  |TAMS 0x0000000707100000, 0x0000000707100000| Untracked 
|  92|0x0000000707200000, 0x0000000707200000, 0x0000000707300000|  0%| F|  |TAMS 0x0000000707200000, 0x0000000707200000| Untracked 
|  93|0x0000000707300000, 0x0000000707300000, 0x0000000707400000|  0%| F|  |TAMS 0x0000000707300000, 0x0000000707300000| Untracked 
|  94|0x0000000707400000, 0x0000000707400000, 0x0000000707500000|  0%| F|  |TAMS 0x0000000707400000, 0x0000000707400000| Untracked 
|  95|0x0000000707500000, 0x0000000707500000, 0x0000000707600000|  0%| F|  |TAMS 0x0000000707500000, 0x0000000707500000| Untracked 
|  96|0x0000000707600000, 0x0000000707600000, 0x0000000707700000|  0%| F|  |TAMS 0x0000000707600000, 0x0000000707600000| Untracked 
|  97|0x0000000707700000, 0x0000000707700000, 0x0000000707800000|  0%| F|  |TAMS 0x0000000707700000, 0x0000000707700000| Untracked 
|  98|0x0000000707800000, 0x0000000707800000, 0x0000000707900000|  0%| F|  |TAMS 0x0000000707800000, 0x0000000707800000| Untracked 
|  99|0x0000000707900000, 0x0000000707900000, 0x0000000707a00000|  0%| F|  |TAMS 0x0000000707900000, 0x0000000707900000| Untracked 
| 100|0x0000000707a00000, 0x0000000707a00000, 0x0000000707b00000|  0%| F|  |TAMS 0x0000000707a00000, 0x0000000707a00000| Untracked 
| 101|0x0000000707b00000, 0x0000000707b00000, 0x0000000707c00000|  0%| F|  |TAMS 0x0000000707b00000, 0x0000000707b00000| Untracked 
| 102|0x0000000707c00000, 0x0000000707c00000, 0x0000000707d00000|  0%| F|  |TAMS 0x0000000707c00000, 0x0000000707c00000| Untracked 
| 103|0x0000000707d00000, 0x0000000707d00000, 0x0000000707e00000|  0%| F|  |TAMS 0x0000000707d00000, 0x0000000707d00000| Untracked 
| 104|0x0000000707e00000, 0x0000000707e00000, 0x0000000707f00000|  0%| F|  |TAMS 0x0000000707e00000, 0x0000000707e00000| Untracked 
| 105|0x0000000707f00000, 0x0000000707f00000, 0x0000000708000000|  0%| F|  |TAMS 0x0000000707f00000, 0x0000000707f00000| Untracked 
| 106|0x0000000708000000, 0x0000000708000000, 0x0000000708100000|  0%| F|  |TAMS 0x0000000708000000, 0x0000000708000000| Untracked 
| 107|0x0000000708100000, 0x0000000708100000, 0x0000000708200000|  0%| F|  |TAMS 0x0000000708100000, 0x0000000708100000| Untracked 
| 108|0x0000000708200000, 0x0000000708200000, 0x0000000708300000|  0%| F|  |TAMS 0x0000000708200000, 0x0000000708200000| Untracked 
| 109|0x0000000708300000, 0x0000000708300000, 0x0000000708400000|  0%| F|  |TAMS 0x0000000708300000, 0x0000000708300000| Untracked 
| 110|0x0000000708400000, 0x0000000708400000, 0x0000000708500000|  0%| F|  |TAMS 0x0000000708400000, 0x0000000708400000| Untracked 
| 111|0x0000000708500000, 0x0000000708500000, 0x0000000708600000|  0%| F|  |TAMS 0x0000000708500000, 0x0000000708500000| Untracked 
| 112|0x0000000708600000, 0x0000000708600000, 0x0000000708700000|  0%| F|  |TAMS 0x0000000708600000, 0x0000000708600000| Untracked 
| 113|0x0000000708700000, 0x0000000708700000, 0x0000000708800000|  0%| F|  |TAMS 0x0000000708700000, 0x0000000708700000| Untracked 
| 114|0x0000000708800000, 0x0000000708800000, 0x0000000708900000|  0%| F|  |TAMS 0x0000000708800000, 0x0000000708800000| Untracked 
| 115|0x0000000708900000, 0x0000000708900000, 0x0000000708a00000|  0%| F|  |TAMS 0x0000000708900000, 0x0000000708900000| Untracked 
| 116|0x0000000708a00000, 0x0000000708a00000, 0x0000000708b00000|  0%| F|  |TAMS 0x0000000708a00000, 0x0000000708a00000| Untracked 
| 117|0x0000000708b00000, 0x0000000708b00000, 0x0000000708c00000|  0%| F|  |TAMS 0x0000000708b00000, 0x0000000708b00000| Untracked 
| 118|0x0000000708c00000, 0x0000000708c00000, 0x0000000708d00000|  0%| F|  |TAMS 0x0000000708c00000, 0x0000000708c00000| Untracked 
| 119|0x0000000708d00000, 0x0000000708d00000, 0x0000000708e00000|  0%| F|  |TAMS 0x0000000708d00000, 0x0000000708d00000| Untracked 
| 120|0x0000000708e00000, 0x0000000708e00000, 0x0000000708f00000|  0%| F|  |TAMS 0x0000000708e00000, 0x0000000708e00000| Untracked 
| 121|0x0000000708f00000, 0x0000000708f00000, 0x0000000709000000|  0%| F|  |TAMS 0x0000000708f00000, 0x0000000708f00000| Untracked 
| 122|0x0000000709000000, 0x0000000709000000, 0x0000000709100000|  0%| F|  |TAMS 0x0000000709000000, 0x0000000709000000| Untracked 
| 123|0x0000000709100000, 0x0000000709100000, 0x0000000709200000|  0%| F|  |TAMS 0x0000000709100000, 0x0000000709100000| Untracked 
| 124|0x0000000709200000, 0x0000000709200000, 0x0000000709300000|  0%| F|  |TAMS 0x0000000709200000, 0x0000000709200000| Untracked 
| 125|0x0000000709300000, 0x0000000709300000, 0x0000000709400000|  0%| F|  |TAMS 0x0000000709300000, 0x0000000709300000| Untracked 
| 126|0x0000000709400000, 0x0000000709400000, 0x0000000709500000|  0%| F|  |TAMS 0x0000000709400000, 0x0000000709400000| Untracked 
| 127|0x0000000709500000, 0x0000000709500000, 0x0000000709600000|  0%| F|  |TAMS 0x0000000709500000, 0x0000000709500000| Untracked 
| 128|0x0000000709600000, 0x0000000709600000, 0x0000000709700000|  0%| F|  |TAMS 0x0000000709600000, 0x0000000709600000| Untracked 
| 129|0x0000000709700000, 0x0000000709700000, 0x0000000709800000|  0%| F|  |TAMS 0x0000000709700000, 0x0000000709700000| Untracked 
| 130|0x0000000709800000, 0x0000000709800000, 0x0000000709900000|  0%| F|  |TAMS 0x0000000709800000, 0x0000000709800000| Untracked 
| 131|0x0000000709900000, 0x0000000709900000, 0x0000000709a00000|  0%| F|  |TAMS 0x0000000709900000, 0x0000000709900000| Untracked 
| 132|0x0000000709a00000, 0x0000000709a00000, 0x0000000709b00000|  0%| F|  |TAMS 0x0000000709a00000, 0x0000000709a00000| Untracked 
| 133|0x0000000709b00000, 0x0000000709b00000, 0x0000000709c00000|  0%| F|  |TAMS 0x0000000709b00000, 0x0000000709b00000| Untracked 
| 134|0x0000000709c00000, 0x0000000709c00000, 0x0000000709d00000|  0%| F|  |TAMS 0x0000000709c00000, 0x0000000709c00000| Untracked 
| 135|0x0000000709d00000, 0x0000000709d00000, 0x0000000709e00000|  0%| F|  |TAMS 0x0000000709d00000, 0x0000000709d00000| Untracked 
| 136|0x0000000709e00000, 0x0000000709e00000, 0x0000000709f00000|  0%| F|  |TAMS 0x0000000709e00000, 0x0000000709e00000| Untracked 
| 137|0x0000000709f00000, 0x0000000709f00000, 0x000000070a000000|  0%| F|  |TAMS 0x0000000709f00000, 0x0000000709f00000| Untracked 
| 138|0x000000070a000000, 0x000000070a000000, 0x000000070a100000|  0%| F|  |TAMS 0x000000070a000000, 0x000000070a000000| Untracked 
| 139|0x000000070a100000, 0x000000070a100000, 0x000000070a200000|  0%| F|  |TAMS 0x000000070a100000, 0x000000070a100000| Untracked 
| 140|0x000000070a200000, 0x000000070a200000, 0x000000070a300000|  0%| F|  |TAMS 0x000000070a200000, 0x000000070a200000| Untracked 
| 141|0x000000070a300000, 0x000000070a300000, 0x000000070a400000|  0%| F|  |TAMS 0x000000070a300000, 0x000000070a300000| Untracked 
| 142|0x000000070a400000, 0x000000070a400000, 0x000000070a500000|  0%| F|  |TAMS 0x000000070a400000, 0x000000070a400000| Untracked 
| 143|0x000000070a500000, 0x000000070a500000, 0x000000070a600000|  0%| F|  |TAMS 0x000000070a500000, 0x000000070a500000| Untracked 
| 144|0x000000070a600000, 0x000000070a600000, 0x000000070a700000|  0%| F|  |TAMS 0x000000070a600000, 0x000000070a600000| Untracked 
| 145|0x000000070a700000, 0x000000070a700000, 0x000000070a800000|  0%| F|  |TAMS 0x000000070a700000, 0x000000070a700000| Untracked 
| 146|0x000000070a800000, 0x000000070a800000, 0x000000070a900000|  0%| F|  |TAMS 0x000000070a800000, 0x000000070a800000| Untracked 
| 147|0x000000070a900000, 0x000000070a900000, 0x000000070aa00000|  0%| F|  |TAMS 0x000000070a900000, 0x000000070a900000| Untracked 
| 148|0x000000070aa00000, 0x000000070aa00000, 0x000000070ab00000|  0%| F|  |TAMS 0x000000070aa00000, 0x000000070aa00000| Untracked 
| 149|0x000000070ab00000, 0x000000070ab00000, 0x000000070ac00000|  0%| F|  |TAMS 0x000000070ab00000, 0x000000070ab00000| Untracked 
| 150|0x000000070ac00000, 0x000000070ac00000, 0x000000070ad00000|  0%| F|  |TAMS 0x000000070ac00000, 0x000000070ac00000| Untracked 
| 151|0x000000070ad00000, 0x000000070ad00000, 0x000000070ae00000|  0%| F|  |TAMS 0x000000070ad00000, 0x000000070ad00000| Untracked 
| 152|0x000000070ae00000, 0x000000070ae00000, 0x000000070af00000|  0%| F|  |TAMS 0x000000070ae00000, 0x000000070ae00000| Untracked 
| 153|0x000000070af00000, 0x000000070af00000, 0x000000070b000000|  0%| F|  |TAMS 0x000000070af00000, 0x000000070af00000| Untracked 
| 154|0x000000070b000000, 0x000000070b000000, 0x000000070b100000|  0%| F|  |TAMS 0x000000070b000000, 0x000000070b000000| Untracked 
| 155|0x000000070b100000, 0x000000070b100000, 0x000000070b200000|  0%| F|  |TAMS 0x000000070b100000, 0x000000070b100000| Untracked 
| 156|0x000000070b200000, 0x000000070b200000, 0x000000070b300000|  0%| F|  |TAMS 0x000000070b200000, 0x000000070b200000| Untracked 
| 157|0x000000070b300000, 0x000000070b300000, 0x000000070b400000|  0%| F|  |TAMS 0x000000070b300000, 0x000000070b300000| Untracked 
| 158|0x000000070b400000, 0x000000070b400000, 0x000000070b500000|  0%| F|  |TAMS 0x000000070b400000, 0x000000070b400000| Untracked 
| 159|0x000000070b500000, 0x000000070b500000, 0x000000070b600000|  0%| F|  |TAMS 0x000000070b500000, 0x000000070b500000| Untracked 
| 160|0x000000070b600000, 0x000000070b600000, 0x000000070b700000|  0%| F|  |TAMS 0x000000070b600000, 0x000000070b600000| Untracked 
| 161|0x000000070b700000, 0x000000070b700000, 0x000000070b800000|  0%| F|  |TAMS 0x000000070b700000, 0x000000070b700000| Untracked 
| 162|0x000000070b800000, 0x000000070b800000, 0x000000070b900000|  0%| F|  |TAMS 0x000000070b800000, 0x000000070b800000| Untracked 
| 163|0x000000070b900000, 0x000000070b900000, 0x000000070ba00000|  0%| F|  |TAMS 0x000000070b900000, 0x000000070b900000| Untracked 
| 164|0x000000070ba00000, 0x000000070ba00000, 0x000000070bb00000|  0%| F|  |TAMS 0x000000070ba00000, 0x000000070ba00000| Untracked 
| 165|0x000000070bb00000, 0x000000070bb00000, 0x000000070bc00000|  0%| F|  |TAMS 0x000000070bb00000, 0x000000070bb00000| Untracked 
| 166|0x000000070bc00000, 0x000000070bc00000, 0x000000070bd00000|  0%| F|  |TAMS 0x000000070bc00000, 0x000000070bc00000| Untracked 
| 167|0x000000070bd00000, 0x000000070bd00000, 0x000000070be00000|  0%| F|  |TAMS 0x000000070bd00000, 0x000000070bd00000| Untracked 
| 168|0x000000070be00000, 0x000000070be00000, 0x000000070bf00000|  0%| F|  |TAMS 0x000000070be00000, 0x000000070be00000| Untracked 
| 169|0x000000070bf00000, 0x000000070bf00000, 0x000000070c000000|  0%| F|  |TAMS 0x000000070bf00000, 0x000000070bf00000| Untracked 
| 170|0x000000070c000000, 0x000000070c000000, 0x000000070c100000|  0%| F|  |TAMS 0x000000070c000000, 0x000000070c000000| Untracked 
| 171|0x000000070c100000, 0x000000070c100000, 0x000000070c200000|  0%| F|  |TAMS 0x000000070c100000, 0x000000070c100000| Untracked 
| 172|0x000000070c200000, 0x000000070c200000, 0x000000070c300000|  0%| F|  |TAMS 0x000000070c200000, 0x000000070c200000| Untracked 
| 173|0x000000070c300000, 0x000000070c300000, 0x000000070c400000|  0%| F|  |TAMS 0x000000070c300000, 0x000000070c300000| Untracked 
| 174|0x000000070c400000, 0x000000070c400000, 0x000000070c500000|  0%| F|  |TAMS 0x000000070c400000, 0x000000070c400000| Untracked 
| 175|0x000000070c500000, 0x000000070c500000, 0x000000070c600000|  0%| F|  |TAMS 0x000000070c500000, 0x000000070c500000| Untracked 
| 176|0x000000070c600000, 0x000000070c600000, 0x000000070c700000|  0%| F|  |TAMS 0x000000070c600000, 0x000000070c600000| Untracked 
| 177|0x000000070c700000, 0x000000070c700000, 0x000000070c800000|  0%| F|  |TAMS 0x000000070c700000, 0x000000070c700000| Untracked 
| 178|0x000000070c800000, 0x000000070c800000, 0x000000070c900000|  0%| F|  |TAMS 0x000000070c800000, 0x000000070c800000| Untracked 
| 179|0x000000070c900000, 0x000000070c900000, 0x000000070ca00000|  0%| F|  |TAMS 0x000000070c900000, 0x000000070c900000| Untracked 
| 180|0x000000070ca00000, 0x000000070ca00000, 0x000000070cb00000|  0%| F|  |TAMS 0x000000070ca00000, 0x000000070ca00000| Untracked 
| 181|0x000000070cb00000, 0x000000070cb00000, 0x000000070cc00000|  0%| F|  |TAMS 0x000000070cb00000, 0x000000070cb00000| Untracked 
| 182|0x000000070cc00000, 0x000000070cc00000, 0x000000070cd00000|  0%| F|  |TAMS 0x000000070cc00000, 0x000000070cc00000| Untracked 
| 183|0x000000070cd00000, 0x000000070cd00000, 0x000000070ce00000|  0%| F|  |TAMS 0x000000070cd00000, 0x000000070cd00000| Untracked 
| 184|0x000000070ce00000, 0x000000070ce00000, 0x000000070cf00000|  0%| F|  |TAMS 0x000000070ce00000, 0x000000070ce00000| Untracked 
| 185|0x000000070cf00000, 0x000000070cf00000, 0x000000070d000000|  0%| F|  |TAMS 0x000000070cf00000, 0x000000070cf00000| Untracked 
| 186|0x000000070d000000, 0x000000070d000000, 0x000000070d100000|  0%| F|  |TAMS 0x000000070d000000, 0x000000070d000000| Untracked 
| 187|0x000000070d100000, 0x000000070d100000, 0x000000070d200000|  0%| F|  |TAMS 0x000000070d100000, 0x000000070d100000| Untracked 
| 188|0x000000070d200000, 0x000000070d200000, 0x000000070d300000|  0%| F|  |TAMS 0x000000070d200000, 0x000000070d200000| Untracked 
| 189|0x000000070d300000, 0x000000070d300000, 0x000000070d400000|  0%| F|  |TAMS 0x000000070d300000, 0x000000070d300000| Untracked 
| 190|0x000000070d400000, 0x000000070d400000, 0x000000070d500000|  0%| F|  |TAMS 0x000000070d400000, 0x000000070d400000| Untracked 
| 191|0x000000070d500000, 0x000000070d500000, 0x000000070d600000|  0%| F|  |TAMS 0x000000070d500000, 0x000000070d500000| Untracked 
| 192|0x000000070d600000, 0x000000070d600000, 0x000000070d700000|  0%| F|  |TAMS 0x000000070d600000, 0x000000070d600000| Untracked 
| 193|0x000000070d700000, 0x000000070d700000, 0x000000070d800000|  0%| F|  |TAMS 0x000000070d700000, 0x000000070d700000| Untracked 
| 194|0x000000070d800000, 0x000000070d800000, 0x000000070d900000|  0%| F|  |TAMS 0x000000070d800000, 0x000000070d800000| Untracked 
| 195|0x000000070d900000, 0x000000070d900000, 0x000000070da00000|  0%| F|  |TAMS 0x000000070d900000, 0x000000070d900000| Untracked 
| 196|0x000000070da00000, 0x000000070da00000, 0x000000070db00000|  0%| F|  |TAMS 0x000000070da00000, 0x000000070da00000| Untracked 
| 197|0x000000070db00000, 0x000000070db00000, 0x000000070dc00000|  0%| F|  |TAMS 0x000000070db00000, 0x000000070db00000| Untracked 
| 198|0x000000070dc00000, 0x000000070dc00000, 0x000000070dd00000|  0%| F|  |TAMS 0x000000070dc00000, 0x000000070dc00000| Untracked 
| 199|0x000000070dd00000, 0x000000070dd00000, 0x000000070de00000|  0%| F|  |TAMS 0x000000070dd00000, 0x000000070dd00000| Untracked 
| 200|0x000000070de00000, 0x000000070de00000, 0x000000070df00000|  0%| F|  |TAMS 0x000000070de00000, 0x000000070de00000| Untracked 
| 201|0x000000070df00000, 0x000000070df00000, 0x000000070e000000|  0%| F|  |TAMS 0x000000070df00000, 0x000000070df00000| Untracked 
| 202|0x000000070e000000, 0x000000070e000000, 0x000000070e100000|  0%| F|  |TAMS 0x000000070e000000, 0x000000070e000000| Untracked 
| 203|0x000000070e100000, 0x000000070e100000, 0x000000070e200000|  0%| F|  |TAMS 0x000000070e100000, 0x000000070e100000| Untracked 
| 204|0x000000070e200000, 0x000000070e200000, 0x000000070e300000|  0%| F|  |TAMS 0x000000070e200000, 0x000000070e200000| Untracked 
| 205|0x000000070e300000, 0x000000070e300000, 0x000000070e400000|  0%| F|  |TAMS 0x000000070e300000, 0x000000070e300000| Untracked 
| 206|0x000000070e400000, 0x000000070e400000, 0x000000070e500000|  0%| F|  |TAMS 0x000000070e400000, 0x000000070e400000| Untracked 
| 207|0x000000070e500000, 0x000000070e500000, 0x000000070e600000|  0%| F|  |TAMS 0x000000070e500000, 0x000000070e500000| Untracked 
| 208|0x000000070e600000, 0x000000070e600000, 0x000000070e700000|  0%| F|  |TAMS 0x000000070e600000, 0x000000070e600000| Untracked 
| 209|0x000000070e700000, 0x000000070e700000, 0x000000070e800000|  0%| F|  |TAMS 0x000000070e700000, 0x000000070e700000| Untracked 
| 210|0x000000070e800000, 0x000000070e800000, 0x000000070e900000|  0%| F|  |TAMS 0x000000070e800000, 0x000000070e800000| Untracked 
| 211|0x000000070e900000, 0x000000070e900000, 0x000000070ea00000|  0%| F|  |TAMS 0x000000070e900000, 0x000000070e900000| Untracked 
| 212|0x000000070ea00000, 0x000000070ea00000, 0x000000070eb00000|  0%| F|  |TAMS 0x000000070ea00000, 0x000000070ea00000| Untracked 
| 213|0x000000070eb00000, 0x000000070eb00000, 0x000000070ec00000|  0%| F|  |TAMS 0x000000070eb00000, 0x000000070eb00000| Untracked 
| 214|0x000000070ec00000, 0x000000070ec00000, 0x000000070ed00000|  0%| F|  |TAMS 0x000000070ec00000, 0x000000070ec00000| Untracked 
| 215|0x000000070ed00000, 0x000000070ed00000, 0x000000070ee00000|  0%| F|  |TAMS 0x000000070ed00000, 0x000000070ed00000| Untracked 
| 216|0x000000070ee00000, 0x000000070ee00000, 0x000000070ef00000|  0%| F|  |TAMS 0x000000070ee00000, 0x000000070ee00000| Untracked 
| 217|0x000000070ef00000, 0x000000070ef00000, 0x000000070f000000|  0%| F|  |TAMS 0x000000070ef00000, 0x000000070ef00000| Untracked 
| 218|0x000000070f000000, 0x000000070f000000, 0x000000070f100000|  0%| F|  |TAMS 0x000000070f000000, 0x000000070f000000| Untracked 
| 219|0x000000070f100000, 0x000000070f100000, 0x000000070f200000|  0%| F|  |TAMS 0x000000070f100000, 0x000000070f100000| Untracked 
| 220|0x000000070f200000, 0x000000070f200000, 0x000000070f300000|  0%| F|  |TAMS 0x000000070f200000, 0x000000070f200000| Untracked 
| 221|0x000000070f300000, 0x000000070f300000, 0x000000070f400000|  0%| F|  |TAMS 0x000000070f300000, 0x000000070f300000| Untracked 
| 222|0x000000070f400000, 0x000000070f400000, 0x000000070f500000|  0%| F|  |TAMS 0x000000070f400000, 0x000000070f400000| Untracked 
| 223|0x000000070f500000, 0x000000070f500000, 0x000000070f600000|  0%| F|  |TAMS 0x000000070f500000, 0x000000070f500000| Untracked 
| 224|0x000000070f600000, 0x000000070f600000, 0x000000070f700000|  0%| F|  |TAMS 0x000000070f600000, 0x000000070f600000| Untracked 
| 225|0x000000070f700000, 0x000000070f700000, 0x000000070f800000|  0%| F|  |TAMS 0x000000070f700000, 0x000000070f700000| Untracked 
| 226|0x000000070f800000, 0x000000070f800000, 0x000000070f900000|  0%| F|  |TAMS 0x000000070f800000, 0x000000070f800000| Untracked 
| 227|0x000000070f900000, 0x000000070f900000, 0x000000070fa00000|  0%| F|  |TAMS 0x000000070f900000, 0x000000070f900000| Untracked 
| 228|0x000000070fa00000, 0x000000070fa00000, 0x000000070fb00000|  0%| F|  |TAMS 0x000000070fa00000, 0x000000070fa00000| Untracked 
| 229|0x000000070fb00000, 0x000000070fb00000, 0x000000070fc00000|  0%| F|  |TAMS 0x000000070fb00000, 0x000000070fb00000| Untracked 
| 230|0x000000070fc00000, 0x000000070fc00000, 0x000000070fd00000|  0%| F|  |TAMS 0x000000070fc00000, 0x000000070fc00000| Untracked 
| 231|0x000000070fd00000, 0x000000070fd00000, 0x000000070fe00000|  0%| F|  |TAMS 0x000000070fd00000, 0x000000070fd00000| Untracked 
| 232|0x000000070fe00000, 0x000000070fe00000, 0x000000070ff00000|  0%| F|  |TAMS 0x000000070fe00000, 0x000000070fe00000| Untracked 
| 233|0x000000070ff00000, 0x000000070ff00000, 0x0000000710000000|  0%| F|  |TAMS 0x000000070ff00000, 0x000000070ff00000| Untracked 
| 234|0x0000000710000000, 0x0000000710000000, 0x0000000710100000|  0%| F|  |TAMS 0x0000000710000000, 0x0000000710000000| Untracked 
| 235|0x0000000710100000, 0x0000000710100000, 0x0000000710200000|  0%| F|  |TAMS 0x0000000710100000, 0x0000000710100000| Untracked 
| 236|0x0000000710200000, 0x0000000710200000, 0x0000000710300000|  0%| F|  |TAMS 0x0000000710200000, 0x0000000710200000| Untracked 
| 237|0x0000000710300000, 0x0000000710300000, 0x0000000710400000|  0%| F|  |TAMS 0x0000000710300000, 0x0000000710300000| Untracked 
| 238|0x0000000710400000, 0x0000000710400000, 0x0000000710500000|  0%| F|  |TAMS 0x0000000710400000, 0x0000000710400000| Untracked 
| 239|0x0000000710500000, 0x0000000710500000, 0x0000000710600000|  0%| F|  |TAMS 0x0000000710500000, 0x0000000710500000| Untracked 
| 240|0x0000000710600000, 0x0000000710600000, 0x0000000710700000|  0%| F|  |TAMS 0x0000000710600000, 0x0000000710600000| Untracked 
| 241|0x0000000710700000, 0x0000000710700000, 0x0000000710800000|  0%| F|  |TAMS 0x0000000710700000, 0x0000000710700000| Untracked 
| 242|0x0000000710800000, 0x0000000710800000, 0x0000000710900000|  0%| F|  |TAMS 0x0000000710800000, 0x0000000710800000| Untracked 
| 243|0x0000000710900000, 0x0000000710900000, 0x0000000710a00000|  0%| F|  |TAMS 0x0000000710900000, 0x0000000710900000| Untracked 
| 244|0x0000000710a00000, 0x0000000710af6468, 0x0000000710b00000| 96%| E|  |TAMS 0x0000000710a00000, 0x0000000710a00000| Complete 
| 245|0x0000000710b00000, 0x0000000710c00000, 0x0000000710c00000|100%| E|CS|TAMS 0x0000000710b00000, 0x0000000710b00000| Complete 
| 246|0x0000000710c00000, 0x0000000710d00000, 0x0000000710d00000|100%| E|CS|TAMS 0x0000000710c00000, 0x0000000710c00000| Complete 
| 247|0x0000000710d00000, 0x0000000710e00000, 0x0000000710e00000|100%| E|CS|TAMS 0x0000000710d00000, 0x0000000710d00000| Complete 
| 248|0x0000000710e00000, 0x0000000710f00000, 0x0000000710f00000|100%| E|CS|TAMS 0x0000000710e00000, 0x0000000710e00000| Complete 
| 249|0x0000000710f00000, 0x0000000711000000, 0x0000000711000000|100%| E|CS|TAMS 0x0000000710f00000, 0x0000000710f00000| Complete 
| 250|0x0000000711000000, 0x0000000711100000, 0x0000000711100000|100%| E|CS|TAMS 0x0000000711000000, 0x0000000711000000| Complete 
| 251|0x0000000711100000, 0x0000000711200000, 0x0000000711200000|100%| E|CS|TAMS 0x0000000711100000, 0x0000000711100000| Complete 
| 252|0x0000000711200000, 0x0000000711300000, 0x0000000711300000|100%| E|CS|TAMS 0x0000000711200000, 0x0000000711200000| Complete 
| 253|0x0000000711300000, 0x0000000711400000, 0x0000000711400000|100%| E|CS|TAMS 0x0000000711300000, 0x0000000711300000| Complete 
| 254|0x0000000711400000, 0x0000000711500000, 0x0000000711500000|100%| E|CS|TAMS 0x0000000711400000, 0x0000000711400000| Complete 
| 255|0x0000000711500000, 0x0000000711600000, 0x0000000711600000|100%| E|CS|TAMS 0x0000000711500000, 0x0000000711500000| Complete 

Card table byte_map: [0x000002600f800000,0x0000026010000000] _byte_map_base: 0x000002600bff5000

Marking Bits (Prev, Next): (CMBitMap*) 0x0000026073a55e48, (CMBitMap*) 0x0000026073a55e88
 Prev Bits: [0x0000026010800000, 0x00000260147a8000)
 Next Bits: [0x00000260147b0000, 0x0000026018758000)

Polling page: 0x0000026073ad0000

Metaspace:

Usage:
  Non-class:      8.98 MB capacity,     6.90 MB ( 77%) used,     2.05 MB ( 23%) free+waste,    22.06 KB ( <1%) overhead. 
      Class:      1.26 MB capacity,  1014.15 KB ( 78%) used,   265.98 KB ( 21%) free+waste,    11.88 KB ( <1%) overhead. 
       Both:     10.24 MB capacity,     7.89 MB ( 77%) used,     2.31 MB ( 23%) free+waste,    33.94 KB ( <1%) overhead. 

Virtual space:
  Non-class space:       10.00 MB reserved,       9.00 MB ( 90%) committed 
      Class space:        1.00 GB reserved,       1.38 MB ( <1%) committed 
             Both:        1.01 GB reserved,      10.38 MB (  1%) committed 

Chunk freelists:
   Non-Class:  25.00 KB
       Class:  0 bytes
        Both:  25.00 KB

MaxMetaspaceSize: 17179869184.00 GB
CompressedClassSpaceSize: 1.00 GB

CodeHeap 'non-profiled nmethods': size=120000Kb used=311Kb max_used=311Kb free=119688Kb
 bounds [0x0000026007ad0000, 0x0000026007d40000, 0x000002600f000000]
CodeHeap 'profiled nmethods': size=120000Kb used=1540Kb max_used=1540Kb free=118460Kb
 bounds [0x00000260005a0000, 0x0000026000810000, 0x0000026007ad0000]
CodeHeap 'non-nmethods': size=5760Kb used=1254Kb max_used=1267Kb free=4505Kb
 bounds [0x0000026000000000, 0x0000026000270000, 0x00000260005a0000]
 total_blobs=1875 nmethods=880 adapters=440
 compilation: enabled
              stopped_count=0, restarted_count=0
 full_count=0

Compilation events (20 events):
Event: 1.059 Thread 0x000002601ac8d800  859       1       sun.util.locale.BaseLocale::getLanguage (5 bytes)
Event: 1.060 Thread 0x000002601ac8d800 nmethod 859 0x0000026007b1ae10 code [0x0000026007b1afa0, 0x0000026007b1b0d8]
Event: 1.062 Thread 0x000002601ac8a000 nmethod 851 0x0000026007b1b190 code [0x0000026007b1b340, 0x0000026007b1ba48]
Event: 1.062 Thread 0x000002601ac8d800  860       3       java.util.StringTokenizer::scanToken (179 bytes)
Event: 1.062 Thread 0x000002601ac8a000  863       4       java.lang.String::indexOf (7 bytes)
Event: 1.064 Thread 0x000002601ac8d800 nmethod 860 0x0000026000716710 code [0x0000026000716a80, 0x0000026000718140]
Event: 1.064 Thread 0x000002601ac8d800  862       3       java.util.StringTokenizer::skipDelimiters (116 bytes)
Event: 1.065 Thread 0x000002601ac8d800 nmethod 862 0x0000026000718910 code [0x0000026000718bc0, 0x00000260007199b0]
Event: 1.065 Thread 0x000002601ac8a000 nmethod 863 0x0000026007b1bc90 code [0x0000026007b1be20, 0x0000026007b1bff8]
Event: 1.065 Thread 0x000002601ac8d800  861       3       java.util.StringTokenizer::hasMoreTokens (29 bytes)
Event: 1.065 Thread 0x000002601ac8a000  866       4       jdk.internal.org.objectweb.asm.ByteVector::putShort (52 bytes)
Event: 1.065 Thread 0x000002601ac8d800 nmethod 861 0x0000026000719e90 code [0x000002600071a040, 0x000002600071a270]
Event: 1.065 Thread 0x000002601ac8d800  864       3       java.util.StringTokenizer::nextToken (92 bytes)
Event: 1.066 Thread 0x000002601ac8d800 nmethod 864 0x000002600071a310 code [0x000002600071a500, 0x000002600071a920]
Event: 1.066 Thread 0x000002601ac8d800  868       3       jdk.internal.loader.BuiltinClassLoader::findClassInModuleOrNull (30 bytes)
Event: 1.066 Thread 0x000002601ac8d800 nmethod 868 0x000002600071aa90 code [0x000002600071acc0, 0x000002600071b460]
Event: 1.066 Thread 0x000002601ac8d800  867       3       java.lang.invoke.MethodTypeForm::cachedLambdaForm (44 bytes)
Event: 1.067 Thread 0x000002601ac8d800 nmethod 867 0x000002600071b690 code [0x000002600071b860, 0x000002600071bc70]
Event: 1.067 Thread 0x000002601ac8d800  865       3       java.lang.invoke.MethodType::insertParameterTypes (121 bytes)
Event: 1.067 Thread 0x000002601ac8a000 nmethod 866 0x0000026007b1c190 code [0x0000026007b1c320, 0x0000026007b1c458]

GC Heap History (0 events):
No events

Deoptimization events (20 events):
Event: 0.904 Thread 0x000002601badb000 Uncommon trap: trap_request=0xffffff45 fr.pc=0x0000026007adea8c relative=0x000000000000080c
Event: 0.904 Thread 0x000002601badb000 Uncommon trap: reason=unstable_if action=reinterpret pc=0x0000026007adea8c method=java.util.HashMap.putVal(ILjava/lang/Object;Ljava/lang/Object;ZZ)Ljava/lang/Object; @ 162 c2
Event: 0.904 Thread 0x000002601badb000 DEOPT PACKING pc=0x0000026007adea8c sp=0x000000a1b6dfc7d0
Event: 0.904 Thread 0x000002601badb000 DEOPT UNPACKING pc=0x000002600004912f sp=0x000000a1b6dfc760 mode 2
Event: 0.905 Thread 0x000002601badb000 Uncommon trap: trap_request=0xffffff45 fr.pc=0x0000026007ae1bc4 relative=0x00000000000009e4
Event: 0.905 Thread 0x000002601badb000 Uncommon trap: reason=unstable_if action=reinterpret pc=0x0000026007ae1bc4 method=java.util.HashMap.resize()[Ljava/util/HashMap$Node; @ 203 c2
Event: 0.905 Thread 0x000002601badb000 DEOPT PACKING pc=0x0000026007ae1bc4 sp=0x000000a1b6dfc6e0
Event: 0.905 Thread 0x000002601badb000 DEOPT UNPACKING pc=0x000002600004912f sp=0x000000a1b6dfc688 mode 2
Event: 0.950 Thread 0x000002601badb000 Uncommon trap: trap_request=0xffffffc6 fr.pc=0x0000026007b14368 relative=0x00000000000006e8
Event: 0.950 Thread 0x000002601badb000 Uncommon trap: reason=bimorphic_or_optimized_type_check action=maybe_recompile pc=0x0000026007b14368 method=java.util.HashMap.getNode(ILjava/lang/Object;)Ljava/util/HashMap$Node; @ 59 c2
Event: 0.950 Thread 0x000002601badb000 DEOPT PACKING pc=0x0000026007b14368 sp=0x000000a1b6dfc810
Event: 0.950 Thread 0x000002601badb000 DEOPT UNPACKING pc=0x000002600004912f sp=0x000000a1b6dfc728 mode 2
Event: 0.952 Thread 0x000002601badb000 Uncommon trap: trap_request=0xffffffc6 fr.pc=0x0000026007b14368 relative=0x00000000000006e8
Event: 0.952 Thread 0x000002601badb000 Uncommon trap: reason=bimorphic_or_optimized_type_check action=maybe_recompile pc=0x0000026007b14368 method=java.util.HashMap.getNode(ILjava/lang/Object;)Ljava/util/HashMap$Node; @ 59 c2
Event: 0.952 Thread 0x000002601badb000 DEOPT PACKING pc=0x0000026007b14368 sp=0x000000a1b6dfbdb0
Event: 0.952 Thread 0x000002601badb000 DEOPT UNPACKING pc=0x000002600004912f sp=0x000000a1b6dfbcc8 mode 2
Event: 0.965 Thread 0x000002601badb000 Uncommon trap: trap_request=0xffffff45 fr.pc=0x0000026007b12764 relative=0x00000000000001c4
Event: 0.965 Thread 0x000002601badb000 Uncommon trap: reason=unstable_if action=reinterpret pc=0x0000026007b12764 method=java.lang.String.startsWith(Ljava/lang/String;I)Z @ 1 c2
Event: 0.965 Thread 0x000002601badb000 DEOPT PACKING pc=0x0000026007b12764 sp=0x000000a1b6dfb7a0
Event: 0.965 Thread 0x000002601badb000 DEOPT UNPACKING pc=0x000002600004912f sp=0x000000a1b6dfb720 mode 2

Classes unloaded (0 events):
No events

Classes redefined (0 events):
No events

Internal exceptions (12 events):
Event: 0.358 Thread 0x00000260739ec000 Exception <a 'java/lang/NoSuchMethodError'{0x00000007112d91c0}: 'int java.lang.invoke.DirectMethodHandle$Holder.invokeStaticInit(java.lang.Object, java.lang.Object, java.lang.Object)'> (0x00000007112d91c0) 
thrown [c:/ws/workspace/jdk-13.0.1/label/windows-x86_64/type/b11/src/hotspot/share/interpreter/linkResolver.cpp, line 767]
Event: 0.360 Thread 0x00000260739ec000 Exception <a 'java/lang/NoSuchMethodError'{0x00000007112e42f0}: 'void java.lang.invoke.DirectMethodHandle$Holder.invokeSpecial(java.lang.Object, java.lang.Object)'> (0x00000007112e42f0) 
thrown [c:/ws/workspace/jdk-13.0.1/label/windows-x86_64/type/b11/src/hotspot/share/interpreter/linkResolver.cpp, line 767]
Event: 0.372 Thread 0x00000260739ec000 Exception <a 'java/lang/NoSuchMethodError'{0x0000000711191138}: 'java.lang.Object java.lang.invoke.DirectMethodHandle$Holder.invokeStatic(java.lang.Object, java.lang.Object, int, java.lang.Object)'> (0x0000000711191138) 
thrown [c:/ws/workspace/jdk-13.0.1/label/windows-x86_64/type/b11/src/hotspot/share/interpreter/linkResolver.cpp, line 767]
Event: 0.372 Thread 0x00000260739ec000 Exception <a 'java/lang/NoSuchMethodError'{0x0000000711197400}: 'java.lang.Object java.lang.invoke.Invokers$Holder.linkToTargetMethod(java.lang.Object, int, java.lang.Object, java.lang.Object)'> (0x0000000711197400) 
thrown [c:/ws/workspace/jdk-13.0.1/label/windows-x86_64/type/b11/src/hotspot/share/interpreter/linkResolver.cpp, line 767]
Event: 0.777 Thread 0x000002601badb000 Exception <a 'java/lang/NoSuchMethodError'{0x00000007110237b8}: 'void java.lang.invoke.DirectMethodHandle$Holder.invokeStaticInit(java.lang.Object)'> (0x00000007110237b8) 
thrown [c:/ws/workspace/jdk-13.0.1/label/windows-x86_64/type/b11/src/hotspot/share/interpreter/linkResolver.cpp, line 767]
Event: 0.779 Thread 0x00000260739ec000 Exception <a 'java/lang/NoSuchMethodError'{0x00000007111a65f0}: 'java.lang.Object java.lang.invoke.Invokers$Holder.linkToTargetMethod(java.lang.Object, java.lang.Object, java.lang.Object, java.lang.Object, java.lang.Object, java.lang.Object)'> (0x00000007111a65f0) 
thrown [c:/ws/workspace/jdk-13.0.1/label/windows-x86_64/type/b11/src/hotspot/share/interpreter/linkResolver.cpp, line 767]
Event: 0.820 Thread 0x000002601badb000 Exception <a 'java/lang/NoSuchMethodError'{0x0000000710f3ccf0}: 'java.lang.Object java.lang.invoke.DirectMethodHandle$Holder.invokeStaticInit(java.lang.Object, java.lang.Object, java.lang.Object, java.lang.Object)'> (0x0000000710f3ccf0) 
thrown [c:/ws/workspace/jdk-13.0.1/label/windows-x86_64/type/b11/src/hotspot/share/interpreter/linkResolver.cpp, line 767]
Event: 0.820 Thread 0x000002601badb000 Exception <a 'java/lang/NullPointerException'{0x0000000710f44810}> (0x0000000710f44810) 
thrown [c:/ws/workspace/jdk-13.0.1/label/windows-x86_64/type/b11/src/hotspot/share/interpreter/linkResolver.cpp, line 1349]
Event: 0.824 Thread 0x000002601badb000 Exception <a 'java/lang/NoSuchMethodError'{0x0000000710f54210}: 'void java.lang.invoke.DirectMethodHandle$Holder.invokeSpecial(java.lang.Object, java.lang.Object, java.lang.Object, java.lang.Object, java.lang.Object)'> (0x0000000710f54210) 
thrown [c:/ws/workspace/jdk-13.0.1/label/windows-x86_64/type/b11/src/hotspot/share/interpreter/linkResolver.cpp, line 767]
Event: 0.924 Thread 0x000002601badb000 Exception <a 'java/lang/NoSuchMethodError'{0x0000000710cc8a20}: 'void java.lang.invoke.DirectMethodHandle$Holder.invokeStaticInit(java.lang.Object, java.lang.Object)'> (0x0000000710cc8a20) 
thrown [c:/ws/workspace/jdk-13.0.1/label/windows-x86_64/type/b11/src/hotspot/share/interpreter/linkResolver.cpp, line 767]
Event: 0.931 Thread 0x000002601badb000 Exception <a 'java/lang/NoSuchMethodError'{0x0000000710ce2650}: 'void java.lang.invoke.DirectMethodHandle$Holder.invokeSpecial(java.lang.Object, java.lang.Object, java.lang.Object, java.lang.Object)'> (0x0000000710ce2650) 
thrown [c:/ws/workspace/jdk-13.0.1/label/windows-x86_64/type/b11/src/hotspot/share/interpreter/linkResolver.cpp, line 767]
Event: 0.970 Thread 0x000002601badb000 Exception <a 'java/lang/NoSuchMethodError'{0x0000000710baeac8}: 'java.lang.Object java.lang.invoke.DirectMethodHandle$Holder.invokeStaticInit(java.lang.Object, int, int, int, int)'> (0x0000000710baeac8) 
thrown [c:/ws/workspace/jdk-13.0.1/label/windows-x86_64/type/b11/src/hotspot/share/interpreter/linkResolver.cpp, line 767]

Events (20 events):
Event: 1.061 Executing VM operation: RevokeBias
Event: 1.061 Executing VM operation: RevokeBias done
Event: 1.061 loading class sun/util/cldr/CLDRTimeZoneNameProviderImpl
Event: 1.061 loading class sun/util/locale/provider/TimeZoneNameProviderImpl
Event: 1.061 loading class sun/util/locale/provider/TimeZoneNameProviderImpl done
Event: 1.061 loading class sun/util/cldr/CLDRTimeZoneNameProviderImpl done
Event: 1.063 loading class sun/util/locale/provider/BaseLocaleDataMetaInfo
Event: 1.063 loading class sun/util/locale/provider/BaseLocaleDataMetaInfo done
Event: 1.064 Executing VM operation: RevokeBias
Event: 1.064 Executing VM operation: RevokeBias done
Event: 1.064 Executing VM operation: RevokeBias
Event: 1.064 Executing VM operation: RevokeBias done
Event: 1.065 loading class sun/util/resources/cldr/TimeZoneNames
Event: 1.065 loading class sun/util/resources/TimeZoneNamesBundle
Event: 1.065 loading class sun/util/resources/OpenListResourceBundle
Event: 1.065 loading class sun/util/resources/OpenListResourceBundle done
Event: 1.065 loading class sun/util/resources/TimeZoneNamesBundle done
Event: 1.065 loading class sun/util/resources/cldr/TimeZoneNames done
Event: 1.066 loading class sun/util/resources/cldr/TimeZoneNames_en
Event: 1.067 loading class sun/util/resources/cldr/TimeZoneNames_en done


Dynamic libraries:
0x00007ff603a00000 - 0x00007ff603a0d000 	C:\Program Files\BellSoft\LibericaJDK-13\bin\java.exe
0x00007ff8b7310000 - 0x00007ff8b7505000 	C:\WINDOWS\SYSTEM32\ntdll.dll
0x00007ff8b6810000 - 0x00007ff8b68cd000 	C:\WINDOWS\System32\KERNEL32.DLL
0x00007ff8b5080000 - 0x00007ff8b5347000 	C:\WINDOWS\System32\KERNELBASE.dll
0x00007ff8b4f20000 - 0x00007ff8b5020000 	C:\WINDOWS\System32\ucrtbase.dll
0x00007ff8b2450000 - 0x00007ff8b2465000 	C:\Program Files\BellSoft\LibericaJDK-13\bin\VCRUNTIME140.dll
0x00007ff8b2430000 - 0x00007ff8b2448000 	C:\Program Files\BellSoft\LibericaJDK-13\bin\jli.dll
0x00007ff8b6340000 - 0x00007ff8b64e0000 	C:\WINDOWS\System32\USER32.dll
0x00007ff8a3ff0000 - 0x00007ff8a428a000 	C:\WINDOWS\WinSxS\amd64_microsoft.windows.common-controls_6595b64144ccf1df_6.0.19041.1_none_b555e41d4684ddec\COMCTL32.dll
0x00007ff8b4bb0000 - 0x00007ff8b4bd2000 	C:\WINDOWS\System32\win32u.dll
0x00007ff8b6740000 - 0x00007ff8b67de000 	C:\WINDOWS\System32\msvcrt.dll
0x00007ff8b67e0000 - 0x00007ff8b680a000 	C:\WINDOWS\System32\GDI32.dll
0x00007ff8b4be0000 - 0x00007ff8b4cea000 	C:\WINDOWS\System32\gdi32full.dll
0x00007ff8b4a60000 - 0x00007ff8b4afd000 	C:\WINDOWS\System32\msvcp_win.dll
0x00007ff8b6550000 - 0x00007ff8b6580000 	C:\WINDOWS\System32\IMM32.DLL
0x00007ff8a39a0000 - 0x00007ff8a3a3b000 	C:\Program Files\BellSoft\LibericaJDK-13\bin\msvcp140.dll
0x00007ff868ce0000 - 0x00007ff8698d3000 	C:\Program Files\BellSoft\LibericaJDK-13\bin\server\jvm.dll
0x00007ff8b6a80000 - 0x00007ff8b6b2a000 	C:\WINDOWS\System32\ADVAPI32.dll
0x00007ff8b56f0000 - 0x00007ff8b578b000 	C:\WINDOWS\System32\sechost.dll
0x00007ff8b6610000 - 0x00007ff8b6733000 	C:\WINDOWS\System32\RPCRT4.dll
0x00007ff8b6540000 - 0x00007ff8b6548000 	C:\WINDOWS\System32\PSAPI.DLL
0x00007ff8a6c80000 - 0x00007ff8a6c8a000 	C:\WINDOWS\SYSTEM32\VERSION.dll
0x00007ff89ede0000 - 0x00007ff89ee07000 	C:\WINDOWS\SYSTEM32\WINMM.dll
0x00007ff89b6a0000 - 0x00007ff89b6a9000 	C:\WINDOWS\SYSTEM32\WSOCK32.dll
0x00007ff8b62d0000 - 0x00007ff8b633b000 	C:\WINDOWS\System32\WS2_32.dll
0x00007ff8b29e0000 - 0x00007ff8b29f3000 	C:\WINDOWS\SYSTEM32\kernel.appcore.dll
0x00007ff8b2410000 - 0x00007ff8b2420000 	C:\Program Files\BellSoft\LibericaJDK-13\bin\verify.dll
0x00007ff8a6070000 - 0x00007ff8a6254000 	C:\WINDOWS\SYSTEM32\DBGHELP.DLL
0x00007ff8a6040000 - 0x00007ff8a606c000 	C:\WINDOWS\SYSTEM32\dbgcore.DLL
0x00007ff8b4e50000 - 0x00007ff8b4ecf000 	C:\WINDOWS\System32\bcryptPrimitives.dll
0x00007ff8a3970000 - 0x00007ff8a3996000 	C:\Program Files\BellSoft\LibericaJDK-13\bin\java.dll
0x00007ff8aca10000 - 0x00007ff8aca1e000 	C:\Program Files\BellSoft\LibericaJDK-13\bin\instrument.dll
0x00007ff8aee80000 - 0x00007ff8aee97000 	C:\Program Files\BellSoft\LibericaJDK-13\bin\zip.dll
0x00007ff8ac980000 - 0x00007ff8ac98a000 	C:\Program Files\BellSoft\LibericaJDK-13\bin\jimage.dll
0x00007ff8b6b90000 - 0x00007ff8b72d0000 	C:\WINDOWS\System32\SHELL32.dll
0x00007ff8b2be0000 - 0x00007ff8b3371000 	C:\WINDOWS\SYSTEM32\windows.storage.dll
0x00007ff8b5390000 - 0x00007ff8b56e3000 	C:\WINDOWS\System32\combase.dll
0x00007ff8b44e0000 - 0x00007ff8b450c000 	C:\WINDOWS\SYSTEM32\Wldp.dll
0x00007ff8b5e10000 - 0x00007ff8b5ebe000 	C:\WINDOWS\System32\SHCORE.dll
0x00007ff8b6b30000 - 0x00007ff8b6b85000 	C:\WINDOWS\System32\shlwapi.dll
0x00007ff8b49a0000 - 0x00007ff8b49bf000 	C:\WINDOWS\SYSTEM32\profapi.dll
0x00007ff8abf10000 - 0x00007ff8abf29000 	C:\Program Files\BellSoft\LibericaJDK-13\bin\net.dll
0x00007ff8a6830000 - 0x00007ff8a6930000 	C:\WINDOWS\SYSTEM32\WINHTTP.dll
0x00007ff8b4260000 - 0x00007ff8b42ca000 	C:\WINDOWS\system32\mswsock.dll
0x00007ff8a3950000 - 0x00007ff8a3963000 	C:\Program Files\BellSoft\LibericaJDK-13\bin\nio.dll
0x00007ff88c980000 - 0x00007ff88c99a000 	C:\Program Files\JetBrains\IntelliJ IDEA 2019.3.2\bin\breakgen64.dll
0x000002607ffb0000 - 0x000002607ffb3000 	C:\Program Files\BellSoft\LibericaJDK-13\bin\api-ms-win-core-console-l1-1-0.dll
0x000002607ffc0000 - 0x000002607ffc3000 	C:\Program Files\BellSoft\LibericaJDK-13\bin\api-ms-win-core-datetime-l1-1-0.dll
0x000002607ffd0000 - 0x000002607ffd3000 	C:\Program Files\BellSoft\LibericaJDK-13\bin\api-ms-win-core-debug-l1-1-0.dll
0x000002607ffe0000 - 0x000002607ffe3000 	C:\Program Files\BellSoft\LibericaJDK-13\bin\api-ms-win-core-errorhandling-l1-1-0.dll
0x000002607fff0000 - 0x000002607fff4000 	C:\Program Files\BellSoft\LibericaJDK-13\bin\api-ms-win-core-file-l1-1-0.dll
0x000002601c190000 - 0x000002601c193000 	C:\Program Files\BellSoft\LibericaJDK-13\bin\api-ms-win-core-file-l1-2-0.dll
0x000002601c1a0000 - 0x000002601c1a3000 	C:\Program Files\BellSoft\LibericaJDK-13\bin\api-ms-win-core-file-l2-1-0.dll
0x000002601c1b0000 - 0x000002601c1b3000 	C:\Program Files\BellSoft\LibericaJDK-13\bin\api-ms-win-core-handle-l1-1-0.dll
0x000002601c1c0000 - 0x000002601c1c3000 	C:\Program Files\BellSoft\LibericaJDK-13\bin\api-ms-win-core-heap-l1-1-0.dll
0x000002601c1d0000 - 0x000002601c1d3000 	C:\Program Files\BellSoft\LibericaJDK-13\bin\api-ms-win-core-interlocked-l1-1-0.dll
0x000002601c1e0000 - 0x000002601c1e3000 	C:\Program Files\BellSoft\LibericaJDK-13\bin\api-ms-win-core-libraryloader-l1-1-0.dll
0x000002601c1f0000 - 0x000002601c1f3000 	C:\Program Files\BellSoft\LibericaJDK-13\bin\api-ms-win-core-localization-l1-2-0.dll
0x000002601c200000 - 0x000002601c203000 	C:\Program Files\BellSoft\LibericaJDK-13\bin\api-ms-win-core-memory-l1-1-0.dll
0x000002601c210000 - 0x000002601c213000 	C:\Program Files\BellSoft\LibericaJDK-13\bin\api-ms-win-core-namedpipe-l1-1-0.dll
0x000002601c220000 - 0x000002601c223000 	C:\Program Files\BellSoft\LibericaJDK-13\bin\api-ms-win-core-processenvironment-l1-1-0.dll
0x000002601c230000 - 0x000002601c233000 	C:\Program Files\BellSoft\LibericaJDK-13\bin\api-ms-win-core-processthreads-l1-1-0.dll
0x000002601c240000 - 0x000002601c243000 	C:\Program Files\BellSoft\LibericaJDK-13\bin\api-ms-win-core-processthreads-l1-1-1.dll
0x000002601c250000 - 0x000002601c253000 	C:\Program Files\BellSoft\LibericaJDK-13\bin\api-ms-win-core-profile-l1-1-0.dll
0x000002601c260000 - 0x000002601c263000 	C:\Program Files\BellSoft\LibericaJDK-13\bin\api-ms-win-core-rtlsupport-l1-1-0.dll
0x000002601c270000 - 0x000002601c273000 	C:\Program Files\BellSoft\LibericaJDK-13\bin\api-ms-win-core-string-l1-1-0.dll
0x000002601c280000 - 0x000002601c283000 	C:\Program Files\BellSoft\LibericaJDK-13\bin\api-ms-win-core-synch-l1-1-0.dll
0x000002601c290000 - 0x000002601c293000 	C:\Program Files\BellSoft\LibericaJDK-13\bin\api-ms-win-core-synch-l1-2-0.dll
0x000002601c2a0000 - 0x000002601c2a3000 	C:\Program Files\BellSoft\LibericaJDK-13\bin\api-ms-win-core-sysinfo-l1-1-0.dll
0x000002601c2b0000 - 0x000002601c2b3000 	C:\Program Files\BellSoft\LibericaJDK-13\bin\api-ms-win-core-timezone-l1-1-0.dll
0x000002601c2c0000 - 0x000002601c2c3000 	C:\Program Files\BellSoft\LibericaJDK-13\bin\api-ms-win-core-util-l1-1-0.dll
0x000002601c2d0000 - 0x000002601c2d3000 	C:\Program Files\BellSoft\LibericaJDK-13\bin\api-ms-win-crt-conio-l1-1-0.dll
0x000002601c2e0000 - 0x000002601c2e4000 	C:\Program Files\BellSoft\LibericaJDK-13\bin\api-ms-win-crt-convert-l1-1-0.dll
0x000002601c2f0000 - 0x000002601c2f3000 	C:\Program Files\BellSoft\LibericaJDK-13\bin\api-ms-win-crt-environment-l1-1-0.dll
0x000002601c300000 - 0x000002601c303000 	C:\Program Files\BellSoft\LibericaJDK-13\bin\api-ms-win-crt-filesystem-l1-1-0.dll
0x000002601c310000 - 0x000002601c313000 	C:\Program Files\BellSoft\LibericaJDK-13\bin\api-ms-win-crt-heap-l1-1-0.dll
0x000002601c320000 - 0x000002601c323000 	C:\Program Files\BellSoft\LibericaJDK-13\bin\api-ms-win-crt-locale-l1-1-0.dll
0x000002601c330000 - 0x000002601c335000 	C:\Program Files\BellSoft\LibericaJDK-13\bin\api-ms-win-crt-math-l1-1-0.dll
0x000002601c340000 - 0x000002601c345000 	C:\Program Files\BellSoft\LibericaJDK-13\bin\api-ms-win-crt-multibyte-l1-1-0.dll
0x000002601c350000 - 0x000002601c360000 	C:\Program Files\BellSoft\LibericaJDK-13\bin\api-ms-win-crt-private-l1-1-0.dll
0x000002601c360000 - 0x000002601c363000 	C:\Program Files\BellSoft\LibericaJDK-13\bin\api-ms-win-crt-process-l1-1-0.dll
0x000002601c370000 - 0x000002601c374000 	C:\Program Files\BellSoft\LibericaJDK-13\bin\api-ms-win-crt-runtime-l1-1-0.dll
0x000002601c380000 - 0x000002601c384000 	C:\Program Files\BellSoft\LibericaJDK-13\bin\api-ms-win-crt-stdio-l1-1-0.dll
0x000002601c390000 - 0x000002601c394000 	C:\Program Files\BellSoft\LibericaJDK-13\bin\api-ms-win-crt-string-l1-1-0.dll
0x000002601c3a0000 - 0x000002601c3a3000 	C:\Program Files\BellSoft\LibericaJDK-13\bin\api-ms-win-crt-time-l1-1-0.dll
0x000002601c3b0000 - 0x000002601c3b3000 	C:\Program Files\BellSoft\LibericaJDK-13\bin\api-ms-win-crt-utility-l1-1-0.dll
0x00007ff878200000 - 0x00007ff8782fa000 	C:\Program Files\BellSoft\LibericaJDK-13\bin\ucrtbase.dll
0x00007ff87f8c0000 - 0x00007ff87f911000 	C:\Program Files\BellSoft\LibericaJDK-13\bin\concrt140.dll
0x00007ff88b710000 - 0x00007ff88b733000 	C:\Program Files\BellSoft\LibericaJDK-13\bin\prism_d3d.dll
0x00007ff8939e0000 - 0x00007ff893bad000 	C:\WINDOWS\system32\d3d9.dll
0x00007ff8b27d0000 - 0x00007ff8b27ff000 	C:\WINDOWS\SYSTEM32\dwmapi.dll
0x00007ff8b2520000 - 0x00007ff8b25bf000 	C:\WINDOWS\system32\uxtheme.dll
0x00007ff8b4cf0000 - 0x00007ff8b4e4d000 	C:\WINDOWS\System32\crypt32.dll
0x00007ff8a6c40000 - 0x00007ff8a6c71000 	C:\WINDOWS\SYSTEM32\cryptnet.dll
0x00007ff8b4430000 - 0x00007ff8b443c000 	C:\WINDOWS\SYSTEM32\cryptbase.dll
0x00007ff8b5020000 - 0x00007ff8b5080000 	C:\WINDOWS\System32\WINTRUST.DLL
0x00007ff8b4660000 - 0x00007ff8b4672000 	C:\WINDOWS\SYSTEM32\MSASN1.dll
0x00007ff8b6110000 - 0x00007ff8b612d000 	C:\WINDOWS\System32\imagehlp.dll
0x00007ff8b4440000 - 0x00007ff8b4458000 	C:\WINDOWS\SYSTEM32\CRYPTSP.dll
0x00007ff8b3b80000 - 0x00007ff8b3bb4000 	C:\WINDOWS\system32\rsaenh.dll
0x00007ff8b5350000 - 0x00007ff8b5377000 	C:\WINDOWS\System32\bcrypt.dll
0x00007ff8858a0000 - 0x00007ff8858e5000 	C:\Program Files\BellSoft\LibericaJDK-13\bin\glass.dll
0x00007ff8b6140000 - 0x00007ff8b621a000 	C:\WINDOWS\System32\COMDLG32.dll
0x00007ff8b5fe0000 - 0x00007ff8b6109000 	C:\WINDOWS\System32\ole32.dll
0x00007ff8b6930000 - 0x00007ff8b69fd000 	C:\WINDOWS\System32\OLEAUT32.dll
0x00007ff8b5ec0000 - 0x00007ff8b5fd5000 	C:\WINDOWS\System32\MSCTF.dll
0x00007ff874980000 - 0x00007ff874a7c000 	C:\ProgramData\A-Volute\A-Volute.Nahimic\Modules\Scheduled\x64\A-Volute.NahimicDevProps2.dll
0x00007ff87b870000 - 0x00007ff87b91c000 	C:\ProgramData\A-Volute\A-Volute.Nahimic\Modules\Scheduled\x64\NahimicOSD.dll
0x00007ff87ba30000 - 0x00007ff87ba52000 	C:\ProgramData\A-Volute\A-Volute.Nahimic\Modules\Scheduled\x64\ProductInfo.dll
0x00007ff871110000 - 0x00007ff8713be000 	C:\WINDOWS\system32\nvspcap64.dll
0x00007ff8b37d0000 - 0x00007ff8b3803000 	C:\WINDOWS\SYSTEM32\ntmarta.dll
0x00007ff8b3390000 - 0x00007ff8b33b3000 	C:\WINDOWS\SYSTEM32\gpapi.dll
0x00007ff8abe00000 - 0x00007ff8abe3b000 	C:\WINDOWS\SYSTEM32\dxcore.dll
0x000002601c8d0000 - 0x000002601c91d000 	C:\WINDOWS\System32\cfgmgr32.dll
0x00007ff88b6f0000 - 0x00007ff88b704000 	C:\Program Files\BellSoft\LibericaJDK-13\bin\javafx_font.dll
0x00007ff89eb50000 - 0x00007ff89edce000 	C:\WINDOWS\SYSTEM32\dwrite.dll
0x00007ff8b4960000 - 0x00007ff8b498e000 	C:\WINDOWS\SYSTEM32\USERENV.dll
0x00007ff8b3f00000 - 0x00007ff8b3f3b000 	C:\WINDOWS\SYSTEM32\IPHLPAPI.DLL
0x000002601c530000 - 0x000002601c539000 	C:\WINDOWS\System32\NSI.dll
0x00007ff8ab600000 - 0x00007ff8ab617000 	C:\WINDOWS\SYSTEM32\dhcpcsvc6.DLL
0x00007ff8ab5e0000 - 0x00007ff8ab5fd000 	C:\WINDOWS\SYSTEM32\dhcpcsvc.DLL
0x00007ff8b3f40000 - 0x00007ff8b400a000 	C:\WINDOWS\SYSTEM32\DNSAPI.dll

dbghelp: loaded successfully - version: 4.0.5 - missing functions: none
symbol engine: initialized successfully - sym options: 0x614 - pdb path: .;C:\Program Files\BellSoft\LibericaJDK-13\bin;C:\WINDOWS\SYSTEM32;C:\WINDOWS\WinSxS\amd64_microsoft.windows.common-controls_6595b64144ccf1df_6.0.19041.1_none_b555e41d4684ddec;C:\Program Files\BellSoft\LibericaJDK-13\bin\server;C:\Program Files\JetBrains\IntelliJ IDEA 2019.3.2\bin;C:\ProgramData\A-Volute\A-Volute.Nahimic\Modules\Scheduled\x64

VM Arguments:
jvm_args: -javaagent:C:\Program Files\JetBrains\IntelliJ IDEA 2019.3.2\lib\idea_rt.jar=57364:C:\Program Files\JetBrains\IntelliJ IDEA 2019.3.2\bin -Dfile.encoding=UTF-8 
java_command: Main
java_class_path (initial): C:\Users\ABHIJ\PerigeeProduct\Java13\out;C:\Users\ABHIJ\.m2\repository\org\controlsfx\controlsfx\11.0.2\controlsfx-11.0.2.jar;C:\Users\ABHIJ\.m2\repository\org\openjfx\javafx-graphics\11.0.2\javafx-graphics-11.0.2.jar;C:\Users\ABHIJ\.m2\repository\org\openjfx\javafx-graphics\11.0.2\javafx-graphics-11.0.2-win.jar;C:\Users\ABHIJ\.m2\repository\org\openjfx\javafx-base\11.0.2\javafx-base-11.0.2.jar;C:\Users\ABHIJ\.m2\repository\org\openjfx\javafx-base\11.0.2\javafx-base-11.0.2-win.jar;C:\Users\ABHIJ\.m2\repository\org\openjfx\javafx-media\11.0.2\javafx-media-11.0.2.jar;C:\Users\ABHIJ\.m2\repository\org\openjfx\javafx-media\11.0.2\javafx-media-11.0.2-win.jar;C:\Users\ABHIJ\.m2\repository\org\openjfx\javafx-controls\11.0.2\javafx-controls-11.0.2.jar;C:\Users\ABHIJ\.m2\repository\org\openjfx\javafx-controls\11.0.2\javafx-controls-11.0.2-win.jar
Launcher Type: SUN_STANDARD

[Global flags]
     intx CICompilerCount                          = 4                                         {product} {ergonomic}
     uint ConcGCThreads                            = 2                                         {product} {ergonomic}
     uint G1ConcRefinementThreads                  = 8                                         {product} {ergonomic}
   size_t G1HeapRegionSize                         = 1048576                                   {product} {ergonomic}
    uintx GCDrainStackTargetSize                   = 64                                        {product} {ergonomic}
   size_t InitialHeapSize                          = 268435456                                 {product} {ergonomic}
   size_t MarkStackSize                            = 4194304                                   {product} {ergonomic}
   size_t MaxHeapSize                              = 4271898624                                {product} {ergonomic}
   size_t MaxNewSize                               = 2562719744                                {product} {ergonomic}
   size_t MinHeapDeltaBytes                        = 1048576                                   {product} {ergonomic}
   size_t MinHeapSize                              = 8388608                                   {product} {ergonomic}
    uintx NonNMethodCodeHeapSize                   = 5836300                                {pd product} {ergonomic}
    uintx NonProfiledCodeHeapSize                  = 122910970                              {pd product} {ergonomic}
    uintx ProfiledCodeHeapSize                     = 122910970                              {pd product} {ergonomic}
    uintx ReservedCodeCacheSize                    = 251658240                              {pd product} {ergonomic}
     bool SegmentedCodeCache                       = true                                      {product} {ergonomic}
   size_t SoftMaxHeapSize                          = 4271898624                             {manageable} {ergonomic}
     bool UseCompressedClassPointers               = true                                 {lp64_product} {ergonomic}
     bool UseCompressedOops                        = true                                 {lp64_product} {ergonomic}
     bool UseG1GC                                  = true                                      {product} {ergonomic}
     bool UseLargePagesIndividualAllocation        = false                                  {pd product} {ergonomic}

Logging:
Log output configuration:
 #0: stdout all=warning uptime,level,tags
 #1: stderr all=off uptime,level,tags

Environment Variables:
JAVA_HOME=C:\Program Files\BellSoft\LibericaJDK-13\
PATH=C:\Program Files (x86)\Common Files\Oracle\Java\javapath;C:\Program Files\BellSoft\LibericaJDK-13\bin\;C:\Program Files (x86)\Intel\Intel(R) Management Engine Components\iCLS\;C:\Program Files\Intel\Intel(R) Management Engine Components\iCLS\;C:\Windows\system32;C:\Windows;C:\Windows\System32\Wbem;C:\Windows\System32\WindowsPowerShell\v1.0\;C:\Windows\System32\OpenSSH\;C:\Program Files (x86)\NVIDIA Corporation\PhysX\Common;C:\Program Files\Intel\WiFi\bin\;C:\Program Files\Common Files\Intel\WirelessCommon\;C:\Program Files (x86)\Intel\Intel(R) Management Engine Components\DAL;C:\Program Files\Intel\Intel(R) Management Engine Components\DAL;C:\WINDOWS\system32;C:\WINDOWS;C:\WINDOWS\System32\Wbem;C:\WINDOWS\System32\WindowsPowerShell\v1.0\;C:\WINDOWS\System32\OpenSSH\;C:\Program Files (x86)\PharosSystems\Core;C:\Program Files\NVIDIA Corporation\NVIDIA NvDLISR;C:\Program Files\Git\cmd;C:\Program Files\PuTTY\;C:\WINDOWS\system32;C:\WINDOWS;C:\WINDOWS\System32\Wbem;C:\WINDOWS\System32\WindowsPowerShell\v1.0\;C:\WINDOWS\System32\OpenSSH\;C:\Program Files\nodejs\;C:\Users\ABHIJ\AppData\Local\Programs\Python\Python38\Scripts\;C:\Users\ABHIJ\AppData\Local\Programs\Python\Python38\;C:\Users\ABHIJ\AppData\Local\Microsoft\WindowsApps;C:\Users\ABHIJ\OneDrive\Desktop\New Folder\flutter\bin;C:\Users\ABHIJ\AppData\Local\Google\Cloud SDK\google-cloud-sdk\bin;C:\Users\ABHIJ\AppData\Roaming\npm;C:\iverilog\bin;C:\iverilog\gtkwave\bin
USERNAME=ABHIJ
OS=Windows_NT
PROCESSOR_IDENTIFIER=Intel64 Family 6 Model 142 Stepping 10, GenuineIntel



---------------  S Y S T E M  ---------------

OS: Windows 10 , 64 bit Build 19041 (10.0.19041.292)

CPU:total 8 (initial active 8) (4 cores per cpu, 2 threads per core) family 6 model 142 stepping 10, cmov, cx8, fxsr, mmx, sse, sse2, sse3, ssse3, sse4.1, sse4.2, popcnt, avx, avx2, aes, clmul, erms, 3dnowpref, lzcnt, ht, tsc, tscinvbit, bmi1, bmi2, adx, fma

Memory: 4k page, system-wide physical 16288M (3074M free)
TotalPageFile size 22348M (AvailPageFile size 6M)
current process WorkingSet (physical memory assigned to process): 85M, peak: 85M
current process commit charge ("private bytes"): 380M, peak: 386M

vm_info: OpenJDK 64-Bit Server VM (13.0.1-BellSoft+9) for windows-amd64 JRE (13.0.1-BellSoft+9), built on Oct 16 2019 13:38:10 by "" with unknown MS VC++:1916

END.
